[2023-09-13T16:10:54.432+0000] {manager.py:487} INFO - Processing files using up to 2 processes at a time 
[2023-09-13T16:10:54.433+0000] {manager.py:488} INFO - Process each file at most once every 30 seconds
[2023-09-13T16:10:54.434+0000] {manager.py:489} INFO - Checking for new files in /opt/airflow/dags every 300 seconds
[2023-09-13T16:10:54.435+0000] {manager.py:759} INFO - Searching for files in /opt/airflow/dags
[2023-09-13T16:10:54.441+0000] {manager.py:762} INFO - There are 0 files in /opt/airflow/dags
[2023-09-13T16:15:54.932+0000] {manager.py:759} INFO - Searching for files in /opt/airflow/dags
[2023-09-13T16:15:54.935+0000] {manager.py:762} INFO - There are 0 files in /opt/airflow/dags
[2023-09-13T16:20:55.450+0000] {manager.py:759} INFO - Searching for files in /opt/airflow/dags
[2023-09-13T16:20:55.462+0000] {manager.py:762} INFO - There are 0 files in /opt/airflow/dags
[2023-09-13T16:25:56.231+0000] {manager.py:759} INFO - Searching for files in /opt/airflow/dags
[2023-09-13T16:25:56.267+0000] {manager.py:762} INFO - There are 1 files in /opt/airflow/dags
[2023-09-13T16:25:59.382+0000] {manager.py:893} INFO - 
================================================================================
DAG File Processing Stats

File Path                                    PID    Runtime      # DAGs    # Errors  Last Runtime    Last Run
-------------------------------------------  -----  ---------  --------  ----------  --------------  -------------------
/opt/airflow/dags/simple_hellow_world_ex.py                           1           0  0.28s           2023-09-13T16:25:56
================================================================================
[2023-09-13T16:26:29.718+0000] {manager.py:893} INFO - 
================================================================================
DAG File Processing Stats

File Path                                    PID    Runtime      # DAGs    # Errors  Last Runtime    Last Run
-------------------------------------------  -----  ---------  --------  ----------  --------------  -------------------
/opt/airflow/dags/simple_hellow_world_ex.py                           1           0  0.11s           2023-09-13T16:26:26
================================================================================
[2023-09-13T16:27:00.125+0000] {manager.py:893} INFO - 
================================================================================
DAG File Processing Stats

File Path                                    PID    Runtime      # DAGs    # Errors  Last Runtime    Last Run
-------------------------------------------  -----  ---------  --------  ----------  --------------  -------------------
/opt/airflow/dags/simple_hellow_world_ex.py                           1           0  0.15s           2023-09-13T16:26:57
================================================================================
[2023-09-13T16:27:30.521+0000] {manager.py:893} INFO - 
================================================================================
DAG File Processing Stats

File Path                                    PID    Runtime      # DAGs    # Errors  Last Runtime    Last Run
-------------------------------------------  -----  ---------  --------  ----------  --------------  -------------------
/opt/airflow/dags/simple_hellow_world_ex.py                           1           0  0.12s           2023-09-13T16:27:27
================================================================================
[2023-09-13T16:28:00.902+0000] {manager.py:893} INFO - 
================================================================================
DAG File Processing Stats

File Path                                    PID    Runtime      # DAGs    # Errors  Last Runtime    Last Run
-------------------------------------------  -----  ---------  --------  ----------  --------------  -------------------
/opt/airflow/dags/simple_hellow_world_ex.py                           1           0  0.15s           2023-09-13T16:27:57
================================================================================
[2023-09-13T16:28:31.218+0000] {manager.py:893} INFO - 
================================================================================
DAG File Processing Stats

File Path                                    PID    Runtime      # DAGs    # Errors  Last Runtime    Last Run
-------------------------------------------  -----  ---------  --------  ----------  --------------  -------------------
/opt/airflow/dags/simple_hellow_world_ex.py                           1           0  0.09s           2023-09-13T16:28:28
================================================================================
[2023-09-13T16:29:01.603+0000] {manager.py:893} INFO - 
================================================================================
DAG File Processing Stats

File Path                                    PID    Runtime      # DAGs    # Errors  Last Runtime    Last Run
-------------------------------------------  -----  ---------  --------  ----------  --------------  -------------------
/opt/airflow/dags/simple_hellow_world_ex.py                           1           0  0.12s           2023-09-13T16:28:58
================================================================================
[2023-09-13T16:29:31.972+0000] {manager.py:893} INFO - 
================================================================================
DAG File Processing Stats

File Path                                    PID    Runtime      # DAGs    # Errors  Last Runtime    Last Run
-------------------------------------------  -----  ---------  --------  ----------  --------------  -------------------
/opt/airflow/dags/simple_hellow_world_ex.py                           1           0  0.12s           2023-09-13T16:29:29
================================================================================
[2023-09-13T16:30:02.345+0000] {manager.py:893} INFO - 
================================================================================
DAG File Processing Stats

File Path                                    PID    Runtime      # DAGs    # Errors  Last Runtime    Last Run
-------------------------------------------  -----  ---------  --------  ----------  --------------  -------------------
/opt/airflow/dags/simple_hellow_world_ex.py                           1           0  0.12s           2023-09-13T16:29:59
================================================================================
[2023-09-13T16:30:32.690+0000] {manager.py:893} INFO - 
================================================================================
DAG File Processing Stats

File Path                                    PID    Runtime      # DAGs    # Errors  Last Runtime    Last Run
-------------------------------------------  -----  ---------  --------  ----------  --------------  -------------------
/opt/airflow/dags/simple_hellow_world_ex.py                           1           0  0.10s           2023-09-13T16:30:29
================================================================================
[2023-09-13T16:30:56.891+0000] {manager.py:759} INFO - Searching for files in /opt/airflow/dags
[2023-09-13T16:30:56.914+0000] {manager.py:762} INFO - There are 1 files in /opt/airflow/dags
[2023-09-13T16:31:03.077+0000] {manager.py:893} INFO - 
================================================================================
DAG File Processing Stats

File Path                                    PID    Runtime      # DAGs    # Errors  Last Runtime    Last Run
-------------------------------------------  -----  ---------  --------  ----------  --------------  -------------------
/opt/airflow/dags/simple_hellow_world_ex.py                           1           0  0.14s           2023-09-13T16:31:00
================================================================================
[2023-09-13T16:31:33.444+0000] {manager.py:893} INFO - 
================================================================================
DAG File Processing Stats

File Path                                    PID    Runtime      # DAGs    # Errors  Last Runtime    Last Run
-------------------------------------------  -----  ---------  --------  ----------  --------------  -------------------
/opt/airflow/dags/simple_hellow_world_ex.py                           1           0  0.11s           2023-09-13T16:31:30
================================================================================
[2023-09-13T16:32:03.803+0000] {manager.py:893} INFO - 
================================================================================
DAG File Processing Stats

File Path                                    PID    Runtime      # DAGs    # Errors  Last Runtime    Last Run
-------------------------------------------  -----  ---------  --------  ----------  --------------  -------------------
/opt/airflow/dags/simple_hellow_world_ex.py                           1           0  0.13s           2023-09-13T16:32:00
================================================================================
[2023-09-13T16:32:34.148+0000] {manager.py:893} INFO - 
================================================================================
DAG File Processing Stats

File Path                                    PID    Runtime      # DAGs    # Errors  Last Runtime    Last Run
-------------------------------------------  -----  ---------  --------  ----------  --------------  -------------------
/opt/airflow/dags/simple_hellow_world_ex.py                           1           0  0.11s           2023-09-13T16:32:31
================================================================================
[2023-09-13T16:33:04.521+0000] {manager.py:893} INFO - 
================================================================================
DAG File Processing Stats

File Path                                    PID    Runtime      # DAGs    # Errors  Last Runtime    Last Run
-------------------------------------------  -----  ---------  --------  ----------  --------------  -------------------
/opt/airflow/dags/simple_hellow_world_ex.py                           1           0  0.12s           2023-09-13T16:33:01
================================================================================
[2023-09-13T16:33:34.833+0000] {manager.py:893} INFO - 
================================================================================
DAG File Processing Stats

File Path                                    PID    Runtime      # DAGs    # Errors  Last Runtime    Last Run
-------------------------------------------  -----  ---------  --------  ----------  --------------  -------------------
/opt/airflow/dags/simple_hellow_world_ex.py                           1           0  0.09s           2023-09-13T16:33:31
================================================================================
[2023-09-13T16:34:05.210+0000] {manager.py:893} INFO - 
================================================================================
DAG File Processing Stats

File Path                                    PID    Runtime      # DAGs    # Errors  Last Runtime    Last Run
-------------------------------------------  -----  ---------  --------  ----------  --------------  -------------------
/opt/airflow/dags/simple_hellow_world_ex.py                           1           0  0.11s           2023-09-13T16:34:02
================================================================================
[2023-09-13T16:34:35.539+0000] {manager.py:893} INFO - 
================================================================================
DAG File Processing Stats

File Path                                    PID    Runtime      # DAGs    # Errors  Last Runtime    Last Run
-------------------------------------------  -----  ---------  --------  ----------  --------------  -------------------
/opt/airflow/dags/simple_hellow_world_ex.py                           1           0  0.08s           2023-09-13T16:34:32
================================================================================
[2023-09-13T16:35:05.885+0000] {manager.py:893} INFO - 
================================================================================
DAG File Processing Stats

File Path                                    PID    Runtime      # DAGs    # Errors  Last Runtime    Last Run
-------------------------------------------  -----  ---------  --------  ----------  --------------  -------------------
/opt/airflow/dags/simple_hellow_world_ex.py                           1           0  0.08s           2023-09-13T16:35:02
================================================================================
[2023-09-13T16:35:36.288+0000] {manager.py:893} INFO - 
================================================================================
DAG File Processing Stats

File Path                                    PID    Runtime      # DAGs    # Errors  Last Runtime    Last Run
-------------------------------------------  -----  ---------  --------  ----------  --------------  -------------------
/opt/airflow/dags/simple_hellow_world_ex.py                           1           0  0.09s           2023-09-13T16:35:33
================================================================================
[2023-09-13T16:35:57.567+0000] {manager.py:759} INFO - Searching for files in /opt/airflow/dags
[2023-09-13T16:35:57.631+0000] {manager.py:762} INFO - There are 1 files in /opt/airflow/dags
[2023-09-13T16:36:06.823+0000] {manager.py:893} INFO - 
================================================================================
DAG File Processing Stats

File Path                                    PID    Runtime      # DAGs    # Errors  Last Runtime    Last Run
-------------------------------------------  -----  ---------  --------  ----------  --------------  -------------------
/opt/airflow/dags/simple_hellow_world_ex.py                           1           0  0.19s           2023-09-13T16:36:03
================================================================================
[2023-09-13T16:36:37.104+0000] {manager.py:893} INFO - 
================================================================================
DAG File Processing Stats

File Path                                    PID    Runtime      # DAGs    # Errors  Last Runtime    Last Run
-------------------------------------------  -----  ---------  --------  ----------  --------------  -------------------
/opt/airflow/dags/simple_hellow_world_ex.py                           1           0  0.11s           2023-09-13T16:36:34
================================================================================
[2023-09-13T16:37:07.541+0000] {manager.py:893} INFO - 
================================================================================
DAG File Processing Stats

File Path                                    PID    Runtime      # DAGs    # Errors  Last Runtime    Last Run
-------------------------------------------  -----  ---------  --------  ----------  --------------  -------------------
/opt/airflow/dags/simple_hellow_world_ex.py                           1           0  0.11s           2023-09-13T16:37:04
================================================================================
[2023-09-13T16:37:37.842+0000] {manager.py:893} INFO - 
================================================================================
DAG File Processing Stats

File Path                                    PID    Runtime      # DAGs    # Errors  Last Runtime    Last Run
-------------------------------------------  -----  ---------  --------  ----------  --------------  -------------------
/opt/airflow/dags/simple_hellow_world_ex.py                           1           0  0.09s           2023-09-13T16:37:34
================================================================================
[2023-09-13T16:38:08.154+0000] {manager.py:893} INFO - 
================================================================================
DAG File Processing Stats

File Path                                    PID    Runtime      # DAGs    # Errors  Last Runtime    Last Run
-------------------------------------------  -----  ---------  --------  ----------  --------------  -------------------
/opt/airflow/dags/simple_hellow_world_ex.py                           1           0  0.15s           2023-09-13T16:38:05
================================================================================
[2023-09-13T16:38:38.587+0000] {manager.py:893} INFO - 
================================================================================
DAG File Processing Stats

File Path                                    PID    Runtime      # DAGs    # Errors  Last Runtime    Last Run
-------------------------------------------  -----  ---------  --------  ----------  --------------  -------------------
/opt/airflow/dags/simple_hellow_world_ex.py                           1           0  0.16s           2023-09-13T16:38:35
================================================================================
[2023-09-13T16:39:08.999+0000] {manager.py:893} INFO - 
================================================================================
DAG File Processing Stats

File Path                                    PID    Runtime      # DAGs    # Errors  Last Runtime    Last Run
-------------------------------------------  -----  ---------  --------  ----------  --------------  -------------------
/opt/airflow/dags/simple_hellow_world_ex.py                           1           0  0.10s           2023-09-13T16:39:05
================================================================================
[2023-09-13T16:39:39.382+0000] {manager.py:893} INFO - 
================================================================================
DAG File Processing Stats

File Path                                    PID    Runtime      # DAGs    # Errors  Last Runtime    Last Run
-------------------------------------------  -----  ---------  --------  ----------  --------------  -------------------
/opt/airflow/dags/simple_hellow_world_ex.py                           1           0  0.11s           2023-09-13T16:39:36
================================================================================
[2023-09-13T16:40:09.801+0000] {manager.py:893} INFO - 
================================================================================
DAG File Processing Stats

File Path                                    PID    Runtime      # DAGs    # Errors  Last Runtime    Last Run
-------------------------------------------  -----  ---------  --------  ----------  --------------  -------------------
/opt/airflow/dags/simple_hellow_world_ex.py                           1           0  0.14s           2023-09-13T16:40:06
================================================================================
[2023-09-13T16:40:40.151+0000] {manager.py:893} INFO - 
================================================================================
DAG File Processing Stats

File Path                                    PID    Runtime      # DAGs    # Errors  Last Runtime    Last Run
-------------------------------------------  -----  ---------  --------  ----------  --------------  -------------------
/opt/airflow/dags/simple_hellow_world_ex.py                           1           0  0.14s           2023-09-13T16:40:37
================================================================================
[2023-09-13T16:40:58.349+0000] {manager.py:759} INFO - Searching for files in /opt/airflow/dags
[2023-09-13T16:40:58.420+0000] {manager.py:762} INFO - There are 1 files in /opt/airflow/dags
[2023-09-13T16:41:10.628+0000] {manager.py:893} INFO - 
================================================================================
DAG File Processing Stats

File Path                                    PID    Runtime      # DAGs    # Errors  Last Runtime    Last Run
-------------------------------------------  -----  ---------  --------  ----------  --------------  -------------------
/opt/airflow/dags/simple_hellow_world_ex.py                           1           0  0.11s           2023-09-13T16:41:07
================================================================================
[2023-09-13T16:41:41.045+0000] {manager.py:893} INFO - 
================================================================================
DAG File Processing Stats

File Path                                    PID    Runtime      # DAGs    # Errors  Last Runtime    Last Run
-------------------------------------------  -----  ---------  --------  ----------  --------------  -------------------
/opt/airflow/dags/simple_hellow_world_ex.py                           1           0  0.09s           2023-09-13T16:41:38
================================================================================
[2023-09-13T16:42:11.428+0000] {manager.py:893} INFO - 
================================================================================
DAG File Processing Stats

File Path                                    PID    Runtime      # DAGs    # Errors  Last Runtime    Last Run
-------------------------------------------  -----  ---------  --------  ----------  --------------  -------------------
/opt/airflow/dags/simple_hellow_world_ex.py                           1           0  0.17s           2023-09-13T16:42:08
================================================================================
[2023-09-13T16:42:41.789+0000] {manager.py:893} INFO - 
================================================================================
DAG File Processing Stats

File Path                                    PID    Runtime      # DAGs    # Errors  Last Runtime    Last Run
-------------------------------------------  -----  ---------  --------  ----------  --------------  -------------------
/opt/airflow/dags/simple_hellow_world_ex.py                           1           0  0.10s           2023-09-13T16:42:38
================================================================================
[2023-09-13T16:43:12.090+0000] {manager.py:893} INFO - 
================================================================================
DAG File Processing Stats

File Path                                    PID    Runtime      # DAGs    # Errors  Last Runtime    Last Run
-------------------------------------------  -----  ---------  --------  ----------  --------------  -------------------
/opt/airflow/dags/simple_hellow_world_ex.py                           1           0  0.10s           2023-09-13T16:43:09
================================================================================
[2023-09-13T16:43:42.525+0000] {manager.py:893} INFO - 
================================================================================
DAG File Processing Stats

File Path                                    PID    Runtime      # DAGs    # Errors  Last Runtime    Last Run
-------------------------------------------  -----  ---------  --------  ----------  --------------  -------------------
/opt/airflow/dags/simple_hellow_world_ex.py                           1           0  0.12s           2023-09-13T16:43:39
================================================================================
[2023-09-13T16:44:12.856+0000] {manager.py:893} INFO - 
================================================================================
DAG File Processing Stats

File Path                                    PID    Runtime      # DAGs    # Errors  Last Runtime    Last Run
-------------------------------------------  -----  ---------  --------  ----------  --------------  -------------------
/opt/airflow/dags/simple_hellow_world_ex.py                           1           0  0.17s           2023-09-13T16:44:09
================================================================================
[2023-09-13T16:44:43.310+0000] {manager.py:893} INFO - 
================================================================================
DAG File Processing Stats

File Path                                    PID    Runtime      # DAGs    # Errors  Last Runtime    Last Run
-------------------------------------------  -----  ---------  --------  ----------  --------------  -------------------
/opt/airflow/dags/simple_hellow_world_ex.py                           1           0  0.21s           2023-09-13T16:44:40
================================================================================
[2023-09-13T16:45:13.724+0000] {manager.py:893} INFO - 
================================================================================
DAG File Processing Stats

File Path                                    PID    Runtime      # DAGs    # Errors  Last Runtime    Last Run
-------------------------------------------  -----  ---------  --------  ----------  --------------  -------------------
/opt/airflow/dags/simple_hellow_world_ex.py                           1           0  0.21s           2023-09-13T16:45:10
================================================================================
[2023-09-13T16:45:44.114+0000] {manager.py:893} INFO - 
================================================================================
DAG File Processing Stats

File Path                                    PID    Runtime      # DAGs    # Errors  Last Runtime    Last Run
-------------------------------------------  -----  ---------  --------  ----------  --------------  -------------------
/opt/airflow/dags/simple_hellow_world_ex.py                           1           0  0.10s           2023-09-13T16:45:41
================================================================================
[2023-09-13T16:45:59.270+0000] {manager.py:759} INFO - Searching for files in /opt/airflow/dags
[2023-09-13T16:45:59.300+0000] {manager.py:762} INFO - There are 1 files in /opt/airflow/dags
[2023-09-13T16:46:14.543+0000] {manager.py:893} INFO - 
================================================================================
DAG File Processing Stats

File Path                                    PID    Runtime      # DAGs    # Errors  Last Runtime    Last Run
-------------------------------------------  -----  ---------  --------  ----------  --------------  -------------------
/opt/airflow/dags/simple_hellow_world_ex.py                           1           0  0.13s           2023-09-13T16:46:11
================================================================================
[2023-09-13T16:46:44.952+0000] {manager.py:893} INFO - 
================================================================================
DAG File Processing Stats

File Path                                    PID    Runtime      # DAGs    # Errors  Last Runtime    Last Run
-------------------------------------------  -----  ---------  --------  ----------  --------------  -------------------
/opt/airflow/dags/simple_hellow_world_ex.py                           1           0  0.12s           2023-09-13T16:46:42
================================================================================
[2023-09-13T16:47:15.335+0000] {manager.py:893} INFO - 
================================================================================
DAG File Processing Stats

File Path                                    PID    Runtime      # DAGs    # Errors  Last Runtime    Last Run
-------------------------------------------  -----  ---------  --------  ----------  --------------  -------------------
/opt/airflow/dags/simple_hellow_world_ex.py                           1           0  0.11s           2023-09-13T16:47:12
================================================================================
[2023-09-13T16:47:45.743+0000] {manager.py:893} INFO - 
================================================================================
DAG File Processing Stats

File Path                                    PID    Runtime      # DAGs    # Errors  Last Runtime    Last Run
-------------------------------------------  -----  ---------  --------  ----------  --------------  -------------------
/opt/airflow/dags/simple_hellow_world_ex.py                           1           0  0.19s           2023-09-13T16:47:42
================================================================================
[2023-09-13T16:48:16.024+0000] {manager.py:893} INFO - 
================================================================================
DAG File Processing Stats

File Path                                    PID    Runtime      # DAGs    # Errors  Last Runtime    Last Run
-------------------------------------------  -----  ---------  --------  ----------  --------------  -------------------
/opt/airflow/dags/simple_hellow_world_ex.py                           1           0  0.09s           2023-09-13T16:48:13
================================================================================
[2023-09-13T16:48:46.332+0000] {manager.py:893} INFO - 
================================================================================
DAG File Processing Stats

File Path                                    PID    Runtime      # DAGs    # Errors  Last Runtime    Last Run
-------------------------------------------  -----  ---------  --------  ----------  --------------  -------------------
/opt/airflow/dags/simple_hellow_world_ex.py                           1           0  0.09s           2023-09-13T16:48:43
================================================================================
[2023-09-13T16:49:16.611+0000] {manager.py:893} INFO - 
================================================================================
DAG File Processing Stats

File Path                                    PID    Runtime      # DAGs    # Errors  Last Runtime    Last Run
-------------------------------------------  -----  ---------  --------  ----------  --------------  -------------------
/opt/airflow/dags/simple_hellow_world_ex.py                           1           0  0.09s           2023-09-13T16:49:13
================================================================================
[2023-09-13T16:49:47.002+0000] {manager.py:893} INFO - 
================================================================================
DAG File Processing Stats

File Path                                    PID    Runtime      # DAGs    # Errors  Last Runtime    Last Run
-------------------------------------------  -----  ---------  --------  ----------  --------------  -------------------
/opt/airflow/dags/simple_hellow_world_ex.py                           1           0  0.09s           2023-09-13T16:49:43
================================================================================
[2023-09-13T16:50:17.411+0000] {manager.py:893} INFO - 
================================================================================
DAG File Processing Stats

File Path                                    PID    Runtime      # DAGs    # Errors  Last Runtime    Last Run
-------------------------------------------  -----  ---------  --------  ----------  --------------  -------------------
/opt/airflow/dags/simple_hellow_world_ex.py                           1           0  0.10s           2023-09-13T16:50:14
================================================================================
[2023-09-13T16:50:47.798+0000] {manager.py:893} INFO - 
================================================================================
DAG File Processing Stats

File Path                                    PID    Runtime      # DAGs    # Errors  Last Runtime    Last Run
-------------------------------------------  -----  ---------  --------  ----------  --------------  -------------------
/opt/airflow/dags/simple_hellow_world_ex.py                           1           0  0.13s           2023-09-13T16:50:44
================================================================================
[2023-09-13T16:50:59.937+0000] {manager.py:759} INFO - Searching for files in /opt/airflow/dags
[2023-09-13T16:51:00.004+0000] {manager.py:762} INFO - There are 1 files in /opt/airflow/dags
[2023-09-13T16:51:18.271+0000] {manager.py:893} INFO - 
================================================================================
DAG File Processing Stats

File Path                                    PID    Runtime      # DAGs    # Errors  Last Runtime    Last Run
-------------------------------------------  -----  ---------  --------  ----------  --------------  -------------------
/opt/airflow/dags/simple_hellow_world_ex.py                           1           0  0.12s           2023-09-13T16:51:15
================================================================================
[2023-09-13T16:51:48.629+0000] {manager.py:893} INFO - 
================================================================================
DAG File Processing Stats

File Path                                    PID    Runtime      # DAGs    # Errors  Last Runtime    Last Run
-------------------------------------------  -----  ---------  --------  ----------  --------------  -------------------
/opt/airflow/dags/simple_hellow_world_ex.py                           1           0  0.09s           2023-09-13T16:51:45
================================================================================
[2023-09-13T16:52:18.953+0000] {manager.py:893} INFO - 
================================================================================
DAG File Processing Stats

File Path                                    PID    Runtime      # DAGs    # Errors  Last Runtime    Last Run
-------------------------------------------  -----  ---------  --------  ----------  --------------  -------------------
/opt/airflow/dags/simple_hellow_world_ex.py                           1           0  0.13s           2023-09-13T16:52:16
================================================================================
[2023-09-13T16:52:49.362+0000] {manager.py:893} INFO - 
================================================================================
DAG File Processing Stats

File Path                                    PID    Runtime      # DAGs    # Errors  Last Runtime    Last Run
-------------------------------------------  -----  ---------  --------  ----------  --------------  -------------------
/opt/airflow/dags/simple_hellow_world_ex.py                           1           0  0.11s           2023-09-13T16:52:46
================================================================================
[2023-09-13T16:53:19.727+0000] {manager.py:893} INFO - 
================================================================================
DAG File Processing Stats

File Path                                    PID    Runtime      # DAGs    # Errors  Last Runtime    Last Run
-------------------------------------------  -----  ---------  --------  ----------  --------------  -------------------
/opt/airflow/dags/simple_hellow_world_ex.py                           1           0  0.11s           2023-09-13T16:53:16
================================================================================
[2023-09-13T16:53:50.161+0000] {manager.py:893} INFO - 
================================================================================
DAG File Processing Stats

File Path                                    PID    Runtime      # DAGs    # Errors  Last Runtime    Last Run
-------------------------------------------  -----  ---------  --------  ----------  --------------  -------------------
/opt/airflow/dags/simple_hellow_world_ex.py                           1           0  0.12s           2023-09-13T16:53:47
================================================================================
[2023-09-13T16:54:20.507+0000] {manager.py:893} INFO - 
================================================================================
DAG File Processing Stats

File Path                                    PID    Runtime      # DAGs    # Errors  Last Runtime    Last Run
-------------------------------------------  -----  ---------  --------  ----------  --------------  -------------------
/opt/airflow/dags/simple_hellow_world_ex.py                           1           0  0.10s           2023-09-13T16:54:17
================================================================================
[2023-09-13T16:54:50.868+0000] {manager.py:893} INFO - 
================================================================================
DAG File Processing Stats

File Path                                    PID    Runtime      # DAGs    # Errors  Last Runtime    Last Run
-------------------------------------------  -----  ---------  --------  ----------  --------------  -------------------
/opt/airflow/dags/simple_hellow_world_ex.py                           1           0  0.11s           2023-09-13T16:54:47
================================================================================
[2023-09-13T16:55:21.226+0000] {manager.py:893} INFO - 
================================================================================
DAG File Processing Stats

File Path                                    PID    Runtime      # DAGs    # Errors  Last Runtime    Last Run
-------------------------------------------  -----  ---------  --------  ----------  --------------  -------------------
/opt/airflow/dags/simple_hellow_world_ex.py                           1           0  0.10s           2023-09-13T16:55:18
================================================================================
[2023-09-13T16:55:51.692+0000] {manager.py:893} INFO - 
================================================================================
DAG File Processing Stats

File Path                                    PID    Runtime      # DAGs    # Errors  Last Runtime    Last Run
-------------------------------------------  -----  ---------  --------  ----------  --------------  -------------------
/opt/airflow/dags/simple_hellow_world_ex.py                           1           0  0.16s           2023-09-13T16:55:48
================================================================================
[2023-09-13T16:56:00.764+0000] {manager.py:759} INFO - Searching for files in /opt/airflow/dags
[2023-09-13T16:56:00.799+0000] {manager.py:762} INFO - There are 1 files in /opt/airflow/dags
[2023-09-13T16:56:22.021+0000] {manager.py:893} INFO - 
================================================================================
DAG File Processing Stats

File Path                                    PID    Runtime      # DAGs    # Errors  Last Runtime    Last Run
-------------------------------------------  -----  ---------  --------  ----------  --------------  -------------------
/opt/airflow/dags/simple_hellow_world_ex.py                           1           0  0.12s           2023-09-13T16:56:19
================================================================================
[2023-09-13T16:56:52.358+0000] {manager.py:893} INFO - 
================================================================================
DAG File Processing Stats

File Path                                    PID    Runtime      # DAGs    # Errors  Last Runtime    Last Run
-------------------------------------------  -----  ---------  --------  ----------  --------------  -------------------
/opt/airflow/dags/simple_hellow_world_ex.py                           1           0  0.10s           2023-09-13T16:56:49
================================================================================
[2023-09-13T16:57:22.643+0000] {manager.py:893} INFO - 
================================================================================
DAG File Processing Stats

File Path                                    PID    Runtime      # DAGs    # Errors  Last Runtime    Last Run
-------------------------------------------  -----  ---------  --------  ----------  --------------  -------------------
/opt/airflow/dags/simple_hellow_world_ex.py                           1           0  0.09s           2023-09-13T16:57:19
================================================================================
[2023-09-13T16:57:53.027+0000] {manager.py:893} INFO - 
================================================================================
DAG File Processing Stats

File Path                                    PID    Runtime      # DAGs    # Errors  Last Runtime    Last Run
-------------------------------------------  -----  ---------  --------  ----------  --------------  -------------------
/opt/airflow/dags/simple_hellow_world_ex.py                           1           0  0.11s           2023-09-13T16:57:50
================================================================================
[2023-09-13T16:58:23.391+0000] {manager.py:893} INFO - 
================================================================================
DAG File Processing Stats

File Path                                    PID    Runtime      # DAGs    # Errors  Last Runtime    Last Run
-------------------------------------------  -----  ---------  --------  ----------  --------------  -------------------
/opt/airflow/dags/simple_hellow_world_ex.py                           1           0  0.10s           2023-09-13T16:58:20
================================================================================
[2023-09-13T16:58:53.700+0000] {manager.py:893} INFO - 
================================================================================
DAG File Processing Stats

File Path                                    PID    Runtime      # DAGs    # Errors  Last Runtime    Last Run
-------------------------------------------  -----  ---------  --------  ----------  --------------  -------------------
/opt/airflow/dags/simple_hellow_world_ex.py                           1           0  0.11s           2023-09-13T16:58:50
================================================================================
[2023-09-13T16:59:24.074+0000] {manager.py:893} INFO - 
================================================================================
DAG File Processing Stats

File Path                                    PID    Runtime      # DAGs    # Errors  Last Runtime    Last Run
-------------------------------------------  -----  ---------  --------  ----------  --------------  -------------------
/opt/airflow/dags/simple_hellow_world_ex.py                           1           0  0.09s           2023-09-13T16:59:21
================================================================================
[2023-09-13T16:59:54.436+0000] {manager.py:893} INFO - 
================================================================================
DAG File Processing Stats

File Path                                    PID    Runtime      # DAGs    # Errors  Last Runtime    Last Run
-------------------------------------------  -----  ---------  --------  ----------  --------------  -------------------
/opt/airflow/dags/simple_hellow_world_ex.py                           1           0  0.12s           2023-09-13T16:59:51
================================================================================
[2023-09-13T17:00:24.842+0000] {manager.py:893} INFO - 
================================================================================
DAG File Processing Stats

File Path                                    PID    Runtime      # DAGs    # Errors  Last Runtime    Last Run
-------------------------------------------  -----  ---------  --------  ----------  --------------  -------------------
/opt/airflow/dags/simple_hellow_world_ex.py                           1           0  0.14s           2023-09-13T17:00:21
================================================================================
[2023-09-13T17:00:55.223+0000] {manager.py:893} INFO - 
================================================================================
DAG File Processing Stats

File Path                                    PID    Runtime      # DAGs    # Errors  Last Runtime    Last Run
-------------------------------------------  -----  ---------  --------  ----------  --------------  -------------------
/opt/airflow/dags/simple_hellow_world_ex.py                           1           0  0.10s           2023-09-13T17:00:52
================================================================================
[2023-09-13T17:01:01.282+0000] {manager.py:759} INFO - Searching for files in /opt/airflow/dags
[2023-09-13T17:01:01.299+0000] {manager.py:762} INFO - There are 1 files in /opt/airflow/dags
[2023-09-13T17:56:04.355+0000] {manager.py:759} INFO - Searching for files in /opt/airflow/dags
[2023-09-13T17:56:07.088+0000] {manager.py:762} INFO - There are 1 files in /opt/airflow/dags
[2023-09-13T17:56:21.876+0000] {manager.py:893} INFO - 
================================================================================
DAG File Processing Stats

File Path                                    PID    Runtime      # DAGs    # Errors  Last Runtime    Last Run
-------------------------------------------  -----  ---------  --------  ----------  --------------  -------------------
/opt/airflow/dags/simple_hellow_world_ex.py                           1           0  0.55s           2023-09-13T17:56:07
================================================================================
[2023-09-13T17:56:52.492+0000] {manager.py:893} INFO - 
================================================================================
DAG File Processing Stats

File Path                                    PID    Runtime      # DAGs    # Errors  Last Runtime    Last Run
-------------------------------------------  -----  ---------  --------  ----------  --------------  -------------------
/opt/airflow/dags/simple_hellow_world_ex.py                           0           1  0.08s           2023-09-13T17:56:34
================================================================================
[2023-09-13T17:57:22.937+0000] {manager.py:893} INFO - 
================================================================================
DAG File Processing Stats

File Path                                    PID    Runtime      # DAGs    # Errors  Last Runtime    Last Run
-------------------------------------------  -----  ---------  --------  ----------  --------------  -------------------
/opt/airflow/dags/simple_hellow_world_ex.py                           1           0  0.20s           2023-09-13T17:56:58
================================================================================
[2023-09-13T17:57:53.273+0000] {manager.py:893} INFO - 
================================================================================
DAG File Processing Stats

File Path                                    PID    Runtime      # DAGs    # Errors  Last Runtime    Last Run
-------------------------------------------  -----  ---------  --------  ----------  --------------  -------------------
/opt/airflow/dags/simple_hellow_world_ex.py                           1           0  0.16s           2023-09-13T17:57:28
================================================================================
[2023-09-13T17:58:23.481+0000] {manager.py:893} INFO - 
================================================================================
DAG File Processing Stats

File Path                                    PID    Runtime      # DAGs    # Errors  Last Runtime    Last Run
-------------------------------------------  -----  ---------  --------  ----------  --------------  -------------------
/opt/airflow/dags/simple_hellow_world_ex.py                           1           0  0.10s           2023-09-13T17:57:58
================================================================================
